╭──────────────────────────────────────────────────────────────────────────────╮
│  Executing geNomad annotate (v1.8.1). This will perform gene calling in the  │
│  input sequences and annotate the predicted proteins with geNomad's          │
│  markers.                                                                    │
│  ──────────────────────────────────────────────────────────────────────────  │
│  Outputs:                                                                    │
│    /scratch/jgolebiowska/viruses_BICEST/genomad_proviruses_output/Combined_  │
│    proviruses_annotate                                                       │
│    ├── Combined_proviruses_annotate.json (execution parameters)              │
│    ├── Combined_proviruses_genes.tsv (gene annotation data)                  │
│    ├── Combined_proviruses_taxonomy.tsv (taxonomic assignment)               │
│    ├── Combined_proviruses_mmseqs2.tsv (MMseqs2 output file)                 │
│    └── Combined_proviruses_proteins.faa (protein FASTA file)                 │
╰──────────────────────────────────────────────────────────────────────────────╯
[13:05:27] Executing genomad annotate.                                          
[13:05:27] Creating the                                                         
           /scratch/jgolebiowska/viruses_BICEST/genomad_proviruses_output/Combin
           ed_proviruses_annotate directory.                                    
[13:06:57] Proteins predicted with pyrodigal-gv were written to                 
           Combined_proviruses_proteins.faa.                                    
[13:12:32] Proteins annotated with MMseqs2 and geNomad database (v1.7) were     
           written to Combined_proviruses_mmseqs2.tsv.                          
[13:12:32] Deleting Combined_proviruses_mmseqs2.                                
[13:12:39] Gene data was written to Combined_proviruses_genes.tsv.              
[13:12:40] Taxonomic assignment data was written to                             
           Combined_proviruses_taxonomy.tsv.                                    
[13:12:40] geNomad annotate finished!                                           
