╭──────────────────────────────────────────────────────────────────────────────╮
│  Executing geNomad nn-classification (v1.8.1). This will classify the input  │
│  sequences into chromosome, plasmid, or virus based on the nucleotide        │
│  sequence.                                                                   │
│  ──────────────────────────────────────────────────────────────────────────  │
│  Outputs:                                                                    │
│    /scratch/jgolebiowska/viruses_BICEST/genomad_proviruses_output/Combined_  │
│    proviruses_nn_classification                                              │
│    ├── Combined_proviruses_nn_classification.json (execution parameters)     │
│    ├── Combined_proviruses_encoded_sequences (directory containing encoded   │
│    │   sequence data)                                                        │
│    ├── Combined_proviruses_nn_classification.tsv (contig classification:     │
│    │   tabular format)                                                       │
│    ├── Combined_proviruses_nn_classification.npz (contig classification:     │
│    │   binary format)                                                        │
│    ├── Combined_proviruses_encoded_proviruses (directory containing encoded  │
│    │   sequence data)                                                        │
│    ├── Combined_proviruses_provirus_nn_classification.tsv (provirus          │
│    │   classification: tabular format)                                       │
│    └── Combined_proviruses_provirus_nn_classification.npz (provirus          │
│        classification: binary format)                                        │
╰──────────────────────────────────────────────────────────────────────────────╯
[13:13:44] Executing genomad nn-classification.                                 
[13:13:44] Creating the                                                         
           /scratch/jgolebiowska/viruses_BICEST/genomad_proviruses_output/Combin
           ed_proviruses_nn_classification directory.                           
[13:13:44] Creating the                                                         
           /scratch/jgolebiowska/viruses_BICEST/genomad_proviruses_output/Combin
           ed_proviruses_nn_classification/Combined_proviruses_encoded_sequences
            directory.                                                          
[13:14:05] Encoded sequence data written to                                     
           Combined_proviruses_encoded_sequences.                               
[13:14:05] Creating the                                                         
           /scratch/jgolebiowska/viruses_BICEST/genomad_proviruses_output/Combin
           ed_proviruses_nn_classification/Combined_proviruses_encoded_proviruse
           s directory.                                                         
[13:14:05] Encoded provirus data written to                                     
           Combined_proviruses_encoded_proviruses.                              
[13:18:54] Sequences classified.                                                
[13:18:54] Sequence classification in binary format written to                  
           Combined_proviruses_nn_classification.npz.                           
[13:18:54] Deleting encoded sequence data.                                      
[13:19:07] Sequence classification in tabular format written to                 
           Combined_proviruses_nn_classification.tsv.                           
[13:19:10] Proviruses classified.                                               
[13:19:10] Provirus classification in binary format written to                  
           Combined_proviruses_provirus_nn_classification.npz.                  
[13:19:10] Deleting encoded provirus data.                                      
[13:19:10] Provirus classification in tabular format written to                 
           Combined_proviruses_provirus_nn_classification.tsv.                  
[13:19:10] geNomad nn-classification finished!                                  
