╭──────────────────────────────────────────────────────────────────────────────╮
│  Executing geNomad marker-classification (v1.8.1). This will classify the    │
│  input sequences into chromosome, plasmid, or virus based on the presence    │
│  of geNomad markers and other gene-related features.                         │
│  ──────────────────────────────────────────────────────────────────────────  │
│  Outputs:                                                                    │
│    /scratch/jgolebiowska/viruses_BICEST/genomad_proviruses_output/Combined_  │
│    proviruses_marker_classification                                          │
│    ├── Combined_proviruses_marker_classification.json (execution             │
│    │   parameters)                                                           │
│    ├── Combined_proviruses_features.tsv (sequence feature data: tabular      │
│    │   format)                                                               │
│    ├── Combined_proviruses_features.npz (sequence feature data: binary       │
│    │   format)                                                               │
│    ├── Combined_proviruses_marker_classification.tsv (sequence               │
│    │   classification: tabular format)                                       │
│    ├── Combined_proviruses_marker_classification.npz (sequence               │
│    │   classification: binary format)                                        │
│    ├── Combined_proviruses_provirus_features.tsv (provirus feature data:     │
│    │   tabular format)                                                       │
│    ├── Combined_proviruses_provirus_features.npz (provirus feature data:     │
│    │   binary format)                                                        │
│    ├── Combined_proviruses_provirus_marker_classification.tsv (provirus      │
│    │   classification: tabular format)                                       │
│    └── Combined_proviruses_provirus_marker_classification.npz (provirus      │
│        classification: binary format)                                        │
╰──────────────────────────────────────────────────────────────────────────────╯
[13:13:03] Executing genomad marker-classification.                             
[13:13:03] Creating the                                                         
           /scratch/jgolebiowska/viruses_BICEST/genomad_proviruses_output/Combin
           ed_proviruses_marker_classification directory.                       
[13:13:08] Sequence features computed.                                          
[13:13:08] Sequence features in binary format written to                        
           Combined_proviruses_features.npz.                                    
[13:13:09] Sequence features in tabular format written to                       
           Combined_proviruses_features.tsv.                                    
[13:13:09] Provirus features computed.                                          
[13:13:09] Provirus features in binary format written to                        
           Combined_proviruses_provirus_features.npz.                           
[13:13:09] Provirus features in tabular format written to                       
           Combined_proviruses_provirus_features.tsv.                           
[13:13:10] Sequences classified.                                                
[13:13:10] Sequence classification in binary format written to                  
           Combined_proviruses_marker_classification.npz.                       
[13:13:10] Sequence classification in tabular format written to                 
           Combined_proviruses_marker_classification.tsv.                       
[13:13:10] Proviruses classified.                                               
[13:13:10] Provirus classification in binary format written to                  
           Combined_proviruses_provirus_marker_classification.npz.              
[13:13:10] Provirus classification in tabular format written to                 
           Combined_proviruses_provirus_marker_classification.tsv.              
[13:13:10] geNomad marker-classification finished!                              
