╭──────────────────────────────────────────────────────────────────────────────╮
│  Executing geNomad aggregated-classification (v1.8.1). This will aggregate   │
│  the results of the marker-classification and nn-classification modules to   │
│  classify the input sequences into chromosome, plasmid, or virus.            │
│  ──────────────────────────────────────────────────────────────────────────  │
│  Outputs:                                                                    │
│    /scratch/jgolebiowska/viruses_BICEST/genomad_proviruses_output/Combined_  │
│    proviruses_aggregated_classification                                      │
│    ├── Combined_proviruses_aggregated_classification.json (execution         │
│    │   parameters)                                                           │
│    ├── Combined_proviruses_aggregated_classification.tsv (sequence           │
│    │   classification: tabular format)                                       │
│    ├── Combined_proviruses_aggregated_classification.npz (sequence           │
│    │   classification: binary format)                                        │
│    ├── Combined_proviruses_provirus_aggregated_classification.tsv (provirus  │
│    │   classification: tabular format)                                       │
│    └── Combined_proviruses_provirus_aggregated_classification.npz (provirus  │
│        classification: binary format)                                        │
╰──────────────────────────────────────────────────────────────────────────────╯
[13:19:11] Executing genomad aggregated-classification.                         
[13:19:11] Creating the                                                         
           /scratch/jgolebiowska/viruses_BICEST/genomad_proviruses_output/Combin
           ed_proviruses_aggregated_classification directory.                   
[13:19:11] The total marker frequencies of the input sequences were computed.   
[13:19:11] Sequences classified.                                                
[13:19:11] Sequence classification in binary format written to                  
           Combined_proviruses_aggregated_classification.npz.                   
[13:19:12] Sequence classification in tabular format written to                 
           Combined_proviruses_aggregated_classification.tsv.                   
[13:19:12] Proviruses classified.                                               
[13:19:12] Provirus classification in binary format written to                  
           Combined_proviruses_provirus_aggregated_classification.npz.          
[13:19:12] Provirus classification in tabular format written to                 
           Combined_proviruses_provirus_aggregated_classification.tsv.          
[13:19:12] geNomad aggregated-classification finished!                          
